<?xml version="1.0" encoding="UTF-8"?>
<!-- Generated by org.testng.reporters.JUnitReportReporter -->
<testsuite hostname="LAPTOP-KL864C4V" failures="0" tests="4" name="testscripts.AdminUserTest" time="19.695" errors="0" timestamp="2025-03-17T20:41:14 IST" skipped="0">
  <testcase classname="testscripts.AdminUserTest" name="verifingToAddUser" time="6.029"/>
  <testcase classname="testscripts.AdminUserTest" name="verifyToEditUsers" time="5.309"/>
  <testcase classname="testscripts.AdminUserTest" name="verifyAdminUserSearch" time="4.525"/>
  <testcase classname="testscripts.AdminUserTest" name="verifyToDeleteUsers" time="3.832"/>
</testsuite> <!-- testscripts.AdminUserTest -->
