<?xml version="1.0" encoding="UTF-8"?>
<!-- Generated by org.testng.reporters.JUnitReportReporter -->
<testsuite hostname="LAPTOP-KL864C4V" failures="0" tests="3" name="testscripts.ManageNewsTest" time="14.599" errors="0" timestamp="2025-03-18T19:51:08 IST" skipped="0">
  <testcase classname="testscripts.ManageNewsTest" name="verifyToAddNews" time="6.045"/>
  <testcase classname="testscripts.ManageNewsTest" name="verifyEditNews" time="4.173"/>
  <testcase classname="testscripts.ManageNewsTest" name="verifyTheNewsDelete" time="4.381"/>
</testsuite> <!-- testscripts.ManageNewsTest -->
